"xcrun clang -o conftest -I/Applications/Xcode.app/Contents/Developer/Platforms/MacOSX.platform/Developer/SDKs/MacOSX10.13.sdk/System/Library/Frameworks/Ruby.framework/Versions/2.3/usr/include/ruby-2.3.0/universal-darwin17 -I/Applications/Xcode.app/Contents/Developer/Platforms/MacOSX.platform/Developer/SDKs/MacOSX10.13.sdk/System/Library/Frameworks/Ruby.framework/Versions/2.3/usr/include/ruby-2.3.0/ruby/backward -I/Applications/Xcode.app/Contents/Developer/Platforms/MacOSX.platform/Developer/SDKs/MacOSX10.13.sdk/System/Library/Frameworks/Ruby.framework/Versions/2.3/usr/include/ruby-2.3.0 -I. -D_XOPEN_SOURCE -D_DARWIN_C_SOURCE -D_DARWIN_UNLIMITED_SELECT -D_REENTRANT    -g -Os -pipe -DHAVE_GCC_ATOMIC_BUILTINS -iwithsysroot /usr/local/libressl/include  conftest.c  -L. -L/System/Library/Frameworks/Ruby.framework/Versions/2.3/usr/lib -L.             -L /BuildRoot/Applications/Xcode.app/Contents/Developer/Platforms/MacOSX.platform/Developer/SDKs/MacOSX10.13.Internal.sdk/usr/local/libressl/lib -L/BuildRoot/Applications/Xcode.app/Contents/Developer/Platforms/MacOSX.platform/Developer/SDKs/MacOSX10.13.Internal.sdk/usr/local/lib   -arch x86_64 -arch i386   -lruby.2.3.0  -lpthread -ldl -lobjc  "
ld: warning: directory not found for option '-L/BuildRoot/Applications/Xcode.app/Contents/Developer/Platforms/MacOSX.platform/Developer/SDKs/MacOSX10.13.Internal.sdk/usr/local/libressl/lib'
ld: warning: directory not found for option '-L/BuildRoot/Applications/Xcode.app/Contents/Developer/Platforms/MacOSX.platform/Developer/SDKs/MacOSX10.13.Internal.sdk/usr/local/lib'
ld: warning: directory not found for option '-L/BuildRoot/Applications/Xcode.app/Contents/Developer/Platforms/MacOSX.platform/Developer/SDKs/MacOSX10.13.Internal.sdk/usr/local/libressl/lib'
ld: warning: directory not found for option '-L/BuildRoot/Applications/Xcode.app/Contents/Developer/Platforms/MacOSX.platform/Developer/SDKs/MacOSX10.13.Internal.sdk/usr/local/lib'
checked program was:
/* begin */
1: #include "ruby.h"
2: 
3: int main(int argc, char **argv)
4: {
5:   return 0;
6: }
/* end */

"xcrun clang -I/Applications/Xcode.app/Contents/Developer/Platforms/MacOSX.platform/Developer/SDKs/MacOSX10.13.sdk/System/Library/Frameworks/Ruby.framework/Versions/2.3/usr/include/ruby-2.3.0/universal-darwin17 -I/Applications/Xcode.app/Contents/Developer/Platforms/MacOSX.platform/Developer/SDKs/MacOSX10.13.sdk/System/Library/Frameworks/Ruby.framework/Versions/2.3/usr/include/ruby-2.3.0/ruby/backward -I/Applications/Xcode.app/Contents/Developer/Platforms/MacOSX.platform/Developer/SDKs/MacOSX10.13.sdk/System/Library/Frameworks/Ruby.framework/Versions/2.3/usr/include/ruby-2.3.0 -I. -D_XOPEN_SOURCE -D_DARWIN_C_SOURCE -D_DARWIN_UNLIMITED_SELECT -D_REENTRANT    -g -Os -pipe -DHAVE_GCC_ATOMIC_BUILTINS -iwithsysroot /usr/local/libressl/include   -arch x86_64 -arch i386  -c conftest.c"
checked program was:
/* begin */
1: #include "ruby.h"
2: 
3: int main() {return 0;}
/* end */

"xcrun clang -I/Applications/Xcode.app/Contents/Developer/Platforms/MacOSX.platform/Developer/SDKs/MacOSX10.13.sdk/System/Library/Frameworks/Ruby.framework/Versions/2.3/usr/include/ruby-2.3.0/universal-darwin17 -I/Applications/Xcode.app/Contents/Developer/Platforms/MacOSX.platform/Developer/SDKs/MacOSX10.13.sdk/System/Library/Frameworks/Ruby.framework/Versions/2.3/usr/include/ruby-2.3.0/ruby/backward -I/Applications/Xcode.app/Contents/Developer/Platforms/MacOSX.platform/Developer/SDKs/MacOSX10.13.sdk/System/Library/Frameworks/Ruby.framework/Versions/2.3/usr/include/ruby-2.3.0 -I. -D_XOPEN_SOURCE -D_DARWIN_C_SOURCE -D_DARWIN_UNLIMITED_SELECT -D_REENTRANT    -g -Os -pipe -DHAVE_GCC_ATOMIC_BUILTINS -iwithsysroot /usr/local/libressl/include  -Wno-error=unused-command-line-argument-hard-error-in-future  -arch x86_64 -arch i386  -c conftest.c"
warning: unknown warning option '-Werror=unused-command-line-argument-hard-error-in-future'; did you mean '-Werror=unused-command-line-argument'? [-Wunknown-warning-option]
1 warning generated.
warning: unknown warning option '-Werror=unused-command-line-argument-hard-error-in-future'; did you mean '-Werror=unused-command-line-argument'? [-Wunknown-warning-option]
1 warning generated.
checked program was:
/* begin */
1: #include "ruby.h"
2: 
3: int main() {return 0;}
/* end */

have_header: checking for iconv.h... -------------------- yes

"xcrun clang -I/Applications/Xcode.app/Contents/Developer/Platforms/MacOSX.platform/Developer/SDKs/MacOSX10.13.sdk/System/Library/Frameworks/Ruby.framework/Versions/2.3/usr/include/ruby-2.3.0/universal-darwin17 -I/Applications/Xcode.app/Contents/Developer/Platforms/MacOSX.platform/Developer/SDKs/MacOSX10.13.sdk/System/Library/Frameworks/Ruby.framework/Versions/2.3/usr/include/ruby-2.3.0/ruby/backward -I/Applications/Xcode.app/Contents/Developer/Platforms/MacOSX.platform/Developer/SDKs/MacOSX10.13.sdk/System/Library/Frameworks/Ruby.framework/Versions/2.3/usr/include/ruby-2.3.0 -I. -D_XOPEN_SOURCE -D_DARWIN_C_SOURCE -D_DARWIN_UNLIMITED_SELECT -D_REENTRANT    -g -Os -pipe -DHAVE_GCC_ATOMIC_BUILTINS -iwithsysroot /usr/local/libressl/include   -arch x86_64 -arch i386  -c conftest.c"
checked program was:
/* begin */
1: #include "ruby.h"
2: 
3: #include <iconv.h>
/* end */

--------------------

have_library: checking for gzdopen() in -lz... -------------------- yes

"xcrun clang -o conftest -I/Applications/Xcode.app/Contents/Developer/Platforms/MacOSX.platform/Developer/SDKs/MacOSX10.13.sdk/System/Library/Frameworks/Ruby.framework/Versions/2.3/usr/include/ruby-2.3.0/universal-darwin17 -I/Applications/Xcode.app/Contents/Developer/Platforms/MacOSX.platform/Developer/SDKs/MacOSX10.13.sdk/System/Library/Frameworks/Ruby.framework/Versions/2.3/usr/include/ruby-2.3.0/ruby/backward -I/Applications/Xcode.app/Contents/Developer/Platforms/MacOSX.platform/Developer/SDKs/MacOSX10.13.sdk/System/Library/Frameworks/Ruby.framework/Versions/2.3/usr/include/ruby-2.3.0 -I. -D_XOPEN_SOURCE -D_DARWIN_C_SOURCE -D_DARWIN_UNLIMITED_SELECT -D_REENTRANT    -g -Os -pipe -DHAVE_GCC_ATOMIC_BUILTINS -iwithsysroot /usr/local/libressl/include  conftest.c  -L. -L/System/Library/Frameworks/Ruby.framework/Versions/2.3/usr/lib -L.             -L /BuildRoot/Applications/Xcode.app/Contents/Developer/Platforms/MacOSX.platform/Developer/SDKs/MacOSX10.13.Internal.sdk/usr/local/libressl/lib -L/BuildRoot/Applications/Xcode.app/Contents/Developer/Platforms/MacOSX.platform/Developer/SDKs/MacOSX10.13.Internal.sdk/usr/local/lib   -arch x86_64 -arch i386   -lruby.2.3.0 -lz  -lpthread -ldl -lobjc  "
ld: warning: directory not found for option '-L/BuildRoot/Applications/Xcode.app/Contents/Developer/Platforms/MacOSX.platform/Developer/SDKs/MacOSX10.13.Internal.sdk/usr/local/libressl/lib'
ld: warning: directory not found for option '-L/BuildRoot/Applications/Xcode.app/Contents/Developer/Platforms/MacOSX.platform/Developer/SDKs/MacOSX10.13.Internal.sdk/usr/local/lib'
ld: warning: directory not found for option '-L/BuildRoot/Applications/Xcode.app/Contents/Developer/Platforms/MacOSX.platform/Developer/SDKs/MacOSX10.13.Internal.sdk/usr/local/libressl/lib'
ld: warning: directory not found for option '-L/BuildRoot/Applications/Xcode.app/Contents/Developer/Platforms/MacOSX.platform/Developer/SDKs/MacOSX10.13.Internal.sdk/usr/local/lib'
checked program was:
/* begin */
 1: #include "ruby.h"
 2: 
 3: #include <zlib.h>
 4: 
 5: /*top*/
 6: extern int t(void);
 7: int main(int argc, char **argv)
 8: {
 9:   if (argc > 1000000) {
10:     printf("%p", &t);
11:   }
12: 
13:   return 0;
14: }
15: int t(void) { void ((*volatile p)()); p = (void ((*)()))gzdopen; return !p; }
/* end */

--------------------

have_iconv?: checking for iconv... -------------------- yes

"xcrun clang -o conftest -I/Applications/Xcode.app/Contents/Developer/Platforms/MacOSX.platform/Developer/SDKs/MacOSX10.13.sdk/System/Library/Frameworks/Ruby.framework/Versions/2.3/usr/include/ruby-2.3.0/universal-darwin17 -I/Applications/Xcode.app/Contents/Developer/Platforms/MacOSX.platform/Developer/SDKs/MacOSX10.13.sdk/System/Library/Frameworks/Ruby.framework/Versions/2.3/usr/include/ruby-2.3.0/ruby/backward -I/Applications/Xcode.app/Contents/Developer/Platforms/MacOSX.platform/Developer/SDKs/MacOSX10.13.sdk/System/Library/Frameworks/Ruby.framework/Versions/2.3/usr/include/ruby-2.3.0 -I. -D_XOPEN_SOURCE -D_DARWIN_C_SOURCE -D_DARWIN_UNLIMITED_SELECT -D_REENTRANT    -g -Os -pipe -DHAVE_GCC_ATOMIC_BUILTINS -iwithsysroot /usr/local/libressl/include  conftest.c  -L. -L/System/Library/Frameworks/Ruby.framework/Versions/2.3/usr/lib -L.             -L /BuildRoot/Applications/Xcode.app/Contents/Developer/Platforms/MacOSX.platform/Developer/SDKs/MacOSX10.13.Internal.sdk/usr/local/libressl/lib -L/BuildRoot/Applications/Xcode.app/Contents/Developer/Platforms/MacOSX.platform/Developer/SDKs/MacOSX10.13.Internal.sdk/usr/local/lib   -arch x86_64 -arch i386   -lruby.2.3.0  -lpthread -ldl -lobjc  "
ld: warning: directory not found for option '-L/BuildRoot/Applications/Xcode.app/Contents/Developer/Platforms/MacOSX.platform/Developer/SDKs/MacOSX10.13.Internal.sdk/usr/local/libressl/lib'
ld: warning: directory not found for option '-L/BuildRoot/Applications/Xcode.app/Contents/Developer/Platforms/MacOSX.platform/Developer/SDKs/MacOSX10.13.Internal.sdk/usr/local/lib'
Undefined symbols for architecture x86_64:
  "_iconv", referenced from:
      _main in conftest-94faaf.o
  "_iconv_open", referenced from:
      _main in conftest-94faaf.o
ld: symbol(s) not found for architecture x86_64
clang: error: linker command failed with exit code 1 (use -v to see invocation)
checked program was:
/* begin */
 1: #include "ruby.h"
 2: 
 3: #include <stdlib.h>
 4: #include <iconv.h>
 5: 
 6: int main(void)
 7: {
 8:     iconv_t cd = iconv_open("", "");
 9:     iconv(cd, NULL, NULL, NULL, NULL);
10:     return EXIT_SUCCESS;
11: }
/* end */

"xcrun clang -o conftest -I/Applications/Xcode.app/Contents/Developer/Platforms/MacOSX.platform/Developer/SDKs/MacOSX10.13.sdk/System/Library/Frameworks/Ruby.framework/Versions/2.3/usr/include/ruby-2.3.0/universal-darwin17 -I/Applications/Xcode.app/Contents/Developer/Platforms/MacOSX.platform/Developer/SDKs/MacOSX10.13.sdk/System/Library/Frameworks/Ruby.framework/Versions/2.3/usr/include/ruby-2.3.0/ruby/backward -I/Applications/Xcode.app/Contents/Developer/Platforms/MacOSX.platform/Developer/SDKs/MacOSX10.13.sdk/System/Library/Frameworks/Ruby.framework/Versions/2.3/usr/include/ruby-2.3.0 -I. -D_XOPEN_SOURCE -D_DARWIN_C_SOURCE -D_DARWIN_UNLIMITED_SELECT -D_REENTRANT    -g -Os -pipe -DHAVE_GCC_ATOMIC_BUILTINS -iwithsysroot /usr/local/libressl/include  conftest.c  -L. -L/System/Library/Frameworks/Ruby.framework/Versions/2.3/usr/lib -L.             -L /BuildRoot/Applications/Xcode.app/Contents/Developer/Platforms/MacOSX.platform/Developer/SDKs/MacOSX10.13.Internal.sdk/usr/local/libressl/lib -L/BuildRoot/Applications/Xcode.app/Contents/Developer/Platforms/MacOSX.platform/Developer/SDKs/MacOSX10.13.Internal.sdk/usr/local/lib   -arch x86_64 -arch i386   -lruby.2.3.0 -liconv -lpthread -ldl -lobjc  "
ld: warning: directory not found for option '-L/BuildRoot/Applications/Xcode.app/Contents/Developer/Platforms/MacOSX.platform/Developer/SDKs/MacOSX10.13.Internal.sdk/usr/local/libressl/lib'
ld: warning: directory not found for option '-L/BuildRoot/Applications/Xcode.app/Contents/Developer/Platforms/MacOSX.platform/Developer/SDKs/MacOSX10.13.Internal.sdk/usr/local/lib'
ld: warning: directory not found for option '-L/BuildRoot/Applications/Xcode.app/Contents/Developer/Platforms/MacOSX.platform/Developer/SDKs/MacOSX10.13.Internal.sdk/usr/local/libressl/lib'
ld: warning: directory not found for option '-L/BuildRoot/Applications/Xcode.app/Contents/Developer/Platforms/MacOSX.platform/Developer/SDKs/MacOSX10.13.Internal.sdk/usr/local/lib'
checked program was:
/* begin */
 1: #include "ruby.h"
 2: 
 3: #include <stdlib.h>
 4: #include <iconv.h>
 5: 
 6: int main(void)
 7: {
 8:     iconv_t cd = iconv_open("", "");
 9:     iconv(cd, NULL, NULL, NULL, NULL);
10:     return EXIT_SUCCESS;
11: }
/* end */

--------------------

have_library: checking for main() in -llzma... -------------------- yes

"xcrun clang -o conftest -I/Applications/Xcode.app/Contents/Developer/Platforms/MacOSX.platform/Developer/SDKs/MacOSX10.13.sdk/System/Library/Frameworks/Ruby.framework/Versions/2.3/usr/include/ruby-2.3.0/universal-darwin17 -I/Applications/Xcode.app/Contents/Developer/Platforms/MacOSX.platform/Developer/SDKs/MacOSX10.13.sdk/System/Library/Frameworks/Ruby.framework/Versions/2.3/usr/include/ruby-2.3.0/ruby/backward -I/Applications/Xcode.app/Contents/Developer/Platforms/MacOSX.platform/Developer/SDKs/MacOSX10.13.sdk/System/Library/Frameworks/Ruby.framework/Versions/2.3/usr/include/ruby-2.3.0 -I. -D_XOPEN_SOURCE -D_DARWIN_C_SOURCE -D_DARWIN_UNLIMITED_SELECT -D_REENTRANT    -g -Os -pipe -DHAVE_GCC_ATOMIC_BUILTINS -iwithsysroot /usr/local/libressl/include  -DNOKOGIRI_USE_PACKAGED_LIBRARIES conftest.c  -L. -L/System/Library/Frameworks/Ruby.framework/Versions/2.3/usr/lib -L.             -L /BuildRoot/Applications/Xcode.app/Contents/Developer/Platforms/MacOSX.platform/Developer/SDKs/MacOSX10.13.Internal.sdk/usr/local/libressl/lib -L/BuildRoot/Applications/Xcode.app/Contents/Developer/Platforms/MacOSX.platform/Developer/SDKs/MacOSX10.13.Internal.sdk/usr/local/lib   -arch x86_64 -arch i386   -lruby.2.3.0 -llzma  -lpthread -ldl -lobjc  "
ld: warning: directory not found for option '-L/BuildRoot/Applications/Xcode.app/Contents/Developer/Platforms/MacOSX.platform/Developer/SDKs/MacOSX10.13.Internal.sdk/usr/local/libressl/lib'
ld: warning: directory not found for option '-L/BuildRoot/Applications/Xcode.app/Contents/Developer/Platforms/MacOSX.platform/Developer/SDKs/MacOSX10.13.Internal.sdk/usr/local/lib'
ld: warning: directory not found for option '-L/BuildRoot/Applications/Xcode.app/Contents/Developer/Platforms/MacOSX.platform/Developer/SDKs/MacOSX10.13.Internal.sdk/usr/local/libressl/lib'
ld: warning: directory not found for option '-L/BuildRoot/Applications/Xcode.app/Contents/Developer/Platforms/MacOSX.platform/Developer/SDKs/MacOSX10.13.Internal.sdk/usr/local/lib'
checked program was:
/* begin */
 1: #include "ruby.h"
 2: 
 3: /*top*/
 4: extern int t(void);
 5: int main(int argc, char **argv)
 6: {
 7:   if (argc > 1000000) {
 8:     printf("%p", &t);
 9:   }
10: 
11:   return 0;
12: }
13: int t(void) { void ((*volatile p)()); p = (void ((*)()))main; return !p; }
/* end */

--------------------

have_func: checking for xmlParseDoc() in libxml/parser.h... -------------------- yes

"xcrun clang -o conftest -I/Applications/Xcode.app/Contents/Developer/Platforms/MacOSX.platform/Developer/SDKs/MacOSX10.13.sdk/System/Library/Frameworks/Ruby.framework/Versions/2.3/usr/include/ruby-2.3.0/universal-darwin17 -I/Applications/Xcode.app/Contents/Developer/Platforms/MacOSX.platform/Developer/SDKs/MacOSX10.13.sdk/System/Library/Frameworks/Ruby.framework/Versions/2.3/usr/include/ruby-2.3.0/ruby/backward -I/Applications/Xcode.app/Contents/Developer/Platforms/MacOSX.platform/Developer/SDKs/MacOSX10.13.sdk/System/Library/Frameworks/Ruby.framework/Versions/2.3/usr/include/ruby-2.3.0 -I. -I/Users/kiki/Desktop/Askify/vendor/bundle/ruby/2.3.0/gems/nokogiri-1.8.2/ports/x86_64-apple-darwin17/libxslt/1.1.32/include -I/Users/kiki/Desktop/Askify/vendor/bundle/ruby/2.3.0/gems/nokogiri-1.8.2/ports/x86_64-apple-darwin17/libxml2/2.9.7/include/libxml2 -I/Users/kiki/Desktop/Askify/vendor/bundle/ruby/2.3.0/gems/nokogiri-1.8.2/ports/x86_64-apple-darwin17/libxml2/2.9.7/include/libxml2 -D_XOPEN_SOURCE -D_DARWIN_C_SOURCE -D_DARWIN_UNLIMITED_SELECT -D_REENTRANT   "-DNOKOGIRI_LIBXML2_PATH=\"/Users/kiki/Desktop/Askify/vendor/bundle/ruby/2.3.0/gems/nokogiri-1.8.2/ports/x86_64-apple-darwin17/libxml2/2.9.7\"" "-DNOKOGIRI_LIBXML2_PATCHES=\"\"" "-DNOKOGIRI_LIBXSLT_PATH=\"/Users/kiki/Desktop/Askify/vendor/bundle/ruby/2.3.0/gems/nokogiri-1.8.2/ports/x86_64-apple-darwin17/libxslt/1.1.32\"" "-DNOKOGIRI_LIBXSLT_PATCHES=\"\""  -g -Os -pipe -DHAVE_GCC_ATOMIC_BUILTINS -iwithsysroot /usr/local/libressl/include  -DNOKOGIRI_USE_PACKAGED_LIBRARIES conftest.c  -L. -L/System/Library/Frameworks/Ruby.framework/Versions/2.3/usr/lib -L/Users/kiki/Desktop/Askify/vendor/bundle/ruby/2.3.0/gems/nokogiri-1.8.2/ports/x86_64-apple-darwin17/libxml2/2.9.7/lib -L/Users/kiki/Desktop/Askify/vendor/bundle/ruby/2.3.0/gems/nokogiri-1.8.2/ports/x86_64-apple-darwin17/libxslt/1.1.32/lib -L.             -L /BuildRoot/Applications/Xcode.app/Contents/Developer/Platforms/MacOSX.platform/Developer/SDKs/MacOSX10.13.Internal.sdk/usr/local/libressl/lib -L/BuildRoot/Applications/Xcode.app/Contents/Developer/Platforms/MacOSX.platform/Developer/SDKs/MacOSX10.13.Internal.sdk/usr/local/lib   -arch x86_64 -arch i386  /Users/kiki/Desktop/Askify/vendor/bundle/ruby/2.3.0/gems/nokogiri-1.8.2/ports/x86_64-apple-darwin17/libxslt/1.1.32/lib/libexslt.a -lm -liconv -lpthread -lz /Users/kiki/Desktop/Askify/vendor/bundle/ruby/2.3.0/gems/nokogiri-1.8.2/ports/x86_64-apple-darwin17/libxml2/2.9.7/lib/libxml2.a /Users/kiki/Desktop/Askify/vendor/bundle/ruby/2.3.0/gems/nokogiri-1.8.2/ports/x86_64-apple-darwin17/libxslt/1.1.32/lib/libxslt.a -lm -liconv -lpthread -lz /Users/kiki/Desktop/Askify/vendor/bundle/ruby/2.3.0/gems/nokogiri-1.8.2/ports/x86_64-apple-darwin17/libxml2/2.9.7/lib/libxml2.a -llzma -lruby.2.3.0 /Users/kiki/Desktop/Askify/vendor/bundle/ruby/2.3.0/gems/nokogiri-1.8.2/ports/x86_64-apple-darwin17/libxslt/1.1.32/lib/libexslt.a -lm -liconv -lpthread -lz /Users/kiki/Desktop/Askify/vendor/bundle/ruby/2.3.0/gems/nokogiri-1.8.2/ports/x86_64-apple-darwin17/libxml2/2.9.7/lib/libxml2.a /Users/kiki/Desktop/Askify/vendor/bundle/ruby/2.3.0/gems/nokogiri-1.8.2/ports/x86_64-apple-darwin17/libxslt/1.1.32/lib/libxslt.a -lm -liconv -lpthread -lz /Users/kiki/Desktop/Askify/vendor/bundle/ruby/2.3.0/gems/nokogiri-1.8.2/ports/x86_64-apple-darwin17/libxml2/2.9.7/lib/libxml2.a -llzma -lpthread -ldl -lobjc  "
ld: warning: directory not found for option '-L/BuildRoot/Applications/Xcode.app/Contents/Developer/Platforms/MacOSX.platform/Developer/SDKs/MacOSX10.13.Internal.sdk/usr/local/libressl/lib'
ld: warning: directory not found for option '-L/BuildRoot/Applications/Xcode.app/Contents/Developer/Platforms/MacOSX.platform/Developer/SDKs/MacOSX10.13.Internal.sdk/usr/local/lib'
ld: warning: directory not found for option '-L/BuildRoot/Applications/Xcode.app/Contents/Developer/Platforms/MacOSX.platform/Developer/SDKs/MacOSX10.13.Internal.sdk/usr/local/libressl/lib'
ld: warning: directory not found for option '-L/BuildRoot/Applications/Xcode.app/Contents/Developer/Platforms/MacOSX.platform/Developer/SDKs/MacOSX10.13.Internal.sdk/usr/local/lib'
checked program was:
/* begin */
 1: #include "ruby.h"
 2: 
 3: #include <libxml/parser.h>
 4: 
 5: /*top*/
 6: extern int t(void);
 7: int main(int argc, char **argv)
 8: {
 9:   if (argc > 1000000) {
10:     printf("%p", &t);
11:   }
12: 
13:   return 0;
14: }
15: int t(void) { void ((*volatile p)()); p = (void ((*)()))xmlParseDoc; return !p; }
/* end */

--------------------

"xcrun clang -o conftest -I/Applications/Xcode.app/Contents/Developer/Platforms/MacOSX.platform/Developer/SDKs/MacOSX10.13.sdk/System/Library/Frameworks/Ruby.framework/Versions/2.3/usr/include/ruby-2.3.0/universal-darwin17 -I/Applications/Xcode.app/Contents/Developer/Platforms/MacOSX.platform/Developer/SDKs/MacOSX10.13.sdk/System/Library/Frameworks/Ruby.framework/Versions/2.3/usr/include/ruby-2.3.0/ruby/backward -I/Applications/Xcode.app/Contents/Developer/Platforms/MacOSX.platform/Developer/SDKs/MacOSX10.13.sdk/System/Library/Frameworks/Ruby.framework/Versions/2.3/usr/include/ruby-2.3.0 -I. -I/Users/kiki/Desktop/Askify/vendor/bundle/ruby/2.3.0/gems/nokogiri-1.8.2/ports/x86_64-apple-darwin17/libxslt/1.1.32/include -I/Users/kiki/Desktop/Askify/vendor/bundle/ruby/2.3.0/gems/nokogiri-1.8.2/ports/x86_64-apple-darwin17/libxml2/2.9.7/include/libxml2 -I/Users/kiki/Desktop/Askify/vendor/bundle/ruby/2.3.0/gems/nokogiri-1.8.2/ports/x86_64-apple-darwin17/libxml2/2.9.7/include/libxml2 -D_XOPEN_SOURCE -D_DARWIN_C_SOURCE -D_DARWIN_UNLIMITED_SELECT -D_REENTRANT   "-DNOKOGIRI_LIBXML2_PATH=\"/Users/kiki/Desktop/Askify/vendor/bundle/ruby/2.3.0/gems/nokogiri-1.8.2/ports/x86_64-apple-darwin17/libxml2/2.9.7\"" "-DNOKOGIRI_LIBXML2_PATCHES=\"\"" "-DNOKOGIRI_LIBXSLT_PATH=\"/Users/kiki/Desktop/Askify/vendor/bundle/ruby/2.3.0/gems/nokogiri-1.8.2/ports/x86_64-apple-darwin17/libxslt/1.1.32\"" "-DNOKOGIRI_LIBXSLT_PATCHES=\"\""  -g -Os -pipe -DHAVE_GCC_ATOMIC_BUILTINS -iwithsysroot /usr/local/libressl/include  -DNOKOGIRI_USE_PACKAGED_LIBRARIES conftest.c  -L. -L/System/Library/Frameworks/Ruby.framework/Versions/2.3/usr/lib -L/Users/kiki/Desktop/Askify/vendor/bundle/ruby/2.3.0/gems/nokogiri-1.8.2/ports/x86_64-apple-darwin17/libxml2/2.9.7/lib -L/Users/kiki/Desktop/Askify/vendor/bundle/ruby/2.3.0/gems/nokogiri-1.8.2/ports/x86_64-apple-darwin17/libxslt/1.1.32/lib -L.             -L /BuildRoot/Applications/Xcode.app/Contents/Developer/Platforms/MacOSX.platform/Developer/SDKs/MacOSX10.13.Internal.sdk/usr/local/libressl/lib -L/BuildRoot/Applications/Xcode.app/Contents/Developer/Platforms/MacOSX.platform/Developer/SDKs/MacOSX10.13.Internal.sdk/usr/local/lib   -arch x86_64 -arch i386  /Users/kiki/Desktop/Askify/vendor/bundle/ruby/2.3.0/gems/nokogiri-1.8.2/ports/x86_64-apple-darwin17/libxslt/1.1.32/lib/libexslt.a -lm -liconv -lpthread -lz /Users/kiki/Desktop/Askify/vendor/bundle/ruby/2.3.0/gems/nokogiri-1.8.2/ports/x86_64-apple-darwin17/libxml2/2.9.7/lib/libxml2.a /Users/kiki/Desktop/Askify/vendor/bundle/ruby/2.3.0/gems/nokogiri-1.8.2/ports/x86_64-apple-darwin17/libxslt/1.1.32/lib/libxslt.a -lm -liconv -lpthread -lz /Users/kiki/Desktop/Askify/vendor/bundle/ruby/2.3.0/gems/nokogiri-1.8.2/ports/x86_64-apple-darwin17/libxml2/2.9.7/lib/libxml2.a -llzma -lruby.2.3.0 /Users/kiki/Desktop/Askify/vendor/bundle/ruby/2.3.0/gems/nokogiri-1.8.2/ports/x86_64-apple-darwin17/libxslt/1.1.32/lib/libexslt.a -lm -liconv -lpthread -lz /Users/kiki/Desktop/Askify/vendor/bundle/ruby/2.3.0/gems/nokogiri-1.8.2/ports/x86_64-apple-darwin17/libxml2/2.9.7/lib/libxml2.a /Users/kiki/Desktop/Askify/vendor/bundle/ruby/2.3.0/gems/nokogiri-1.8.2/ports/x86_64-apple-darwin17/libxslt/1.1.32/lib/libxslt.a -lm -liconv -lpthread -lz /Users/kiki/Desktop/Askify/vendor/bundle/ruby/2.3.0/gems/nokogiri-1.8.2/ports/x86_64-apple-darwin17/libxml2/2.9.7/lib/libxml2.a -llzma -lpthread -ldl -lobjc  "
conftest.c:15:57: error: use of undeclared identifier 'xsltParseStylesheetDoc'
int t(void) { void ((*volatile p)()); p = (void ((*)()))xsltParseStylesheetDoc; return !p; }
                                                        ^
1 error generated.
checked program was:
/* begin */
 1: #include "ruby.h"
 2: 
 3: #include <libxslt/xslt.h>
 4: 
 5: /*top*/
 6: extern int t(void);
 7: int main(int argc, char **argv)
 8: {
 9:   if (argc > 1000000) {
10:     printf("%p", &t);
11:   }
12: 
13:   return 0;
14: }
15: int t(void) { void ((*volatile p)()); p = (void ((*)()))xsltParseStylesheetDoc; return !p; }
/* end */

"xcrun clang -o conftest -I/Applications/Xcode.app/Contents/Developer/Platforms/MacOSX.platform/Developer/SDKs/MacOSX10.13.sdk/System/Library/Frameworks/Ruby.framework/Versions/2.3/usr/include/ruby-2.3.0/universal-darwin17 -I/Applications/Xcode.app/Contents/Developer/Platforms/MacOSX.platform/Developer/SDKs/MacOSX10.13.sdk/System/Library/Frameworks/Ruby.framework/Versions/2.3/usr/include/ruby-2.3.0/ruby/backward -I/Applications/Xcode.app/Contents/Developer/Platforms/MacOSX.platform/Developer/SDKs/MacOSX10.13.sdk/System/Library/Frameworks/Ruby.framework/Versions/2.3/usr/include/ruby-2.3.0 -I. -I/Users/kiki/Desktop/Askify/vendor/bundle/ruby/2.3.0/gems/nokogiri-1.8.2/ports/x86_64-apple-darwin17/libxslt/1.1.32/include -I/Users/kiki/Desktop/Askify/vendor/bundle/ruby/2.3.0/gems/nokogiri-1.8.2/ports/x86_64-apple-darwin17/libxml2/2.9.7/include/libxml2 -I/Users/kiki/Desktop/Askify/vendor/bundle/ruby/2.3.0/gems/nokogiri-1.8.2/ports/x86_64-apple-darwin17/libxml2/2.9.7/include/libxml2 -D_XOPEN_SOURCE -D_DARWIN_C_SOURCE -D_DARWIN_UNLIMITED_SELECT -D_REENTRANT   "-DNOKOGIRI_LIBXML2_PATH=\"/Users/kiki/Desktop/Askify/vendor/bundle/ruby/2.3.0/gems/nokogiri-1.8.2/ports/x86_64-apple-darwin17/libxml2/2.9.7\"" "-DNOKOGIRI_LIBXML2_PATCHES=\"\"" "-DNOKOGIRI_LIBXSLT_PATH=\"/Users/kiki/Desktop/Askify/vendor/bundle/ruby/2.3.0/gems/nokogiri-1.8.2/ports/x86_64-apple-darwin17/libxslt/1.1.32\"" "-DNOKOGIRI_LIBXSLT_PATCHES=\"\""  -g -Os -pipe -DHAVE_GCC_ATOMIC_BUILTINS -iwithsysroot /usr/local/libressl/include  -DNOKOGIRI_USE_PACKAGED_LIBRARIES conftest.c  -L. -L/System/Library/Frameworks/Ruby.framework/Versions/2.3/usr/lib -L/Users/kiki/Desktop/Askify/vendor/bundle/ruby/2.3.0/gems/nokogiri-1.8.2/ports/x86_64-apple-darwin17/libxml2/2.9.7/lib -L/Users/kiki/Desktop/Askify/vendor/bundle/ruby/2.3.0/gems/nokogiri-1.8.2/ports/x86_64-apple-darwin17/libxslt/1.1.32/lib -L.             -L /BuildRoot/Applications/Xcode.app/Contents/Developer/Platforms/MacOSX.platform/Developer/SDKs/MacOSX10.13.Internal.sdk/usr/local/libressl/lib -L/BuildRoot/Applications/Xcode.app/Contents/Developer/Platforms/MacOSX.platform/Developer/SDKs/MacOSX10.13.Internal.sdk/usr/local/lib   -arch x86_64 -arch i386  /Users/kiki/Desktop/Askify/vendor/bundle/ruby/2.3.0/gems/nokogiri-1.8.2/ports/x86_64-apple-darwin17/libxslt/1.1.32/lib/libexslt.a -lm -liconv -lpthread -lz /Users/kiki/Desktop/Askify/vendor/bundle/ruby/2.3.0/gems/nokogiri-1.8.2/ports/x86_64-apple-darwin17/libxml2/2.9.7/lib/libxml2.a /Users/kiki/Desktop/Askify/vendor/bundle/ruby/2.3.0/gems/nokogiri-1.8.2/ports/x86_64-apple-darwin17/libxslt/1.1.32/lib/libxslt.a -lm -liconv -lpthread -lz /Users/kiki/Desktop/Askify/vendor/bundle/ruby/2.3.0/gems/nokogiri-1.8.2/ports/x86_64-apple-darwin17/libxml2/2.9.7/lib/libxml2.a -llzma -lruby.2.3.0 /Users/kiki/Desktop/Askify/vendor/bundle/ruby/2.3.0/gems/nokogiri-1.8.2/ports/x86_64-apple-darwin17/libxslt/1.1.32/lib/libexslt.a -lm -liconv -lpthread -lz /Users/kiki/Desktop/Askify/vendor/bundle/ruby/2.3.0/gems/nokogiri-1.8.2/ports/x86_64-apple-darwin17/libxml2/2.9.7/lib/libxml2.a /Users/kiki/Desktop/Askify/vendor/bundle/ruby/2.3.0/gems/nokogiri-1.8.2/ports/x86_64-apple-darwin17/libxslt/1.1.32/lib/libxslt.a -lm -liconv -lpthread -lz /Users/kiki/Desktop/Askify/vendor/bundle/ruby/2.3.0/gems/nokogiri-1.8.2/ports/x86_64-apple-darwin17/libxml2/2.9.7/lib/libxml2.a -llzma -lpthread -ldl -lobjc  "
checked program was:
/* begin */
 1: #include "ruby.h"
 2: 
 3: #include <libxslt/xslt.h>
 4: 
 5: /*top*/
 6: extern int t(void);
 7: int main(int argc, char **argv)
 8: {
 9:   if (argc > 1000000) {
10:     printf("%p", &t);
11:   }
12: 
13:   return 0;
14: }
15: extern void xsltParseStylesheetDoc();
16: int t(void) { xsltParseStylesheetDoc(); return 0; }
/* end */

